<?xml version="1.0" encoding="UTF-8"?>
<robot generator="Robot 3.2.2 (Python 3.9.1 on win32)" generated="20210210 12:17:11.312" rpa="false">
<suite id="s1" name="Login" source="C:\Users\kanak\OneDrive\Accurate\Cursos\qaninja\parodify\login.robot">
<test id="s1-t1" name="Login com sucesso">
<kw name="Open Browser" library="Browser">
<tags>
<tag>BrowserControl</tag>
<tag>Setter</tag>
</tags>
<doc>Opens a new browser instance. Use this keyword for quick experiments or debugging sessions.
Use `New Page` directly instead of `Open Browser` for production and automated execution.
See `Browser, Context and Page` for more information about Browser and related concepts.</doc>
<arguments>
<arg>http://parodify.herokuapp.com/users/sign_in</arg>
<arg>chromium</arg>
</arguments>
<msg timestamp="20210210 12:17:12.332" level="WARN">Open Browser is for quick experimentation and debugging only. Use New Page for production.</msg>
<msg timestamp="20210210 12:17:12.333" level="INFO">{"browser": "chromium", "headless": false, "handleSIGINT": true, "handleSIGTERM": true, "handleSIGHUP": true, "timeout": 30000.0, "devtools": false, "slowMo": 0.0}</msg>
<msg timestamp="20210210 12:17:14.111" level="INFO">Successfully created browser with options: {"browser":"chromium","headless":false,"handleSIGINT":true,"handleSIGTERM":true,"handleSIGHUP":true,"timeout":30000,"devtools":false,"slowMo":0}</msg>
<msg timestamp="20210210 12:17:14.112" level="INFO">{"acceptDownloads": false, "ignoreHTTPSErrors": false, "bypassCSP": false, "deviceScaleFactor": 1.0, "isMobile": false, "hasTouch": false, "javaScriptEnabled": true, "offline": false, "hideRfBrowser": false}</msg>
<msg timestamp="20210210 12:17:14.128" level="INFO">Successfully created context with options: {"acceptDownloads":false,"ignoreHTTPSErrors":false,"bypassCSP":false,"deviceScaleFactor":1,"isMobile":false,"hasTouch":false,"javaScriptEnabled":true,"offline":false,"hideRfBrowser":false}</msg>
<msg timestamp="20210210 12:17:19.375" level="INFO">Successfully initialized new page object and opened url: http://parodify.herokuapp.com/users/sign_in</msg>
<status status="PASS" starttime="20210210 12:17:12.331" endtime="20210210 12:17:19.376"></status>
</kw>
<kw name="Fill Text" library="Browser">
<tags>
<tag>PageContent</tag>
<tag>Setter</tag>
</tags>
<doc>Clears and fills the given ``text`` into the text field found by ``selector``.</doc>
<arguments>
<arg>id=user_email</arg>
<arg>papito@parodify.com</arg>
</arguments>
<msg timestamp="20210210 12:17:19.377" level="INFO">Fills the text 'papito@parodify.com' in the given field.</msg>
<status status="PASS" starttime="20210210 12:17:19.376" endtime="20210210 12:17:19.438"></status>
</kw>
<kw name="Fill Text" library="Browser">
<tags>
<tag>PageContent</tag>
<tag>Setter</tag>
</tags>
<doc>Clears and fills the given ``text`` into the text field found by ``selector``.</doc>
<arguments>
<arg>css=#user_password</arg>
<arg>pwd123</arg>
</arguments>
<msg timestamp="20210210 12:17:19.439" level="INFO">Fills the text 'pwd123' in the given field.</msg>
<status status="PASS" starttime="20210210 12:17:19.438" endtime="20210210 12:17:19.462"></status>
</kw>
<kw name="Click" library="Browser">
<tags>
<tag>PageContent</tag>
<tag>Setter</tag>
</tags>
<doc>Simulates mouse click on the element found by ``selector``.</doc>
<arguments>
<arg>input[type=submit]</arg>
</arguments>
<status status="PASS" starttime="20210210 12:17:19.462" endtime="20210210 12:17:22.961"></status>
</kw>
<kw name="Wait For Elements State" library="Browser">
<tags>
<tag>PageContent</tag>
<tag>Wait</tag>
</tags>
<doc>Waits for the element found by ``selector`` to satisfy state option.</doc>
<arguments>
<arg>css=a[href$=sign_out]</arg>
<arg>visible</arg>
<arg>10</arg>
</arguments>
<msg timestamp="20210210 12:17:23.351" level="INFO">Wait for Element with selector: css=a[href$=sign_out]</msg>
<status status="PASS" starttime="20210210 12:17:22.962" endtime="20210210 12:17:23.353"></status>
</kw>
<status status="PASS" starttime="20210210 12:17:12.327" endtime="20210210 12:17:23.354" critical="yes"></status>
</test>
<test id="s1-t2" name="Senha incorreta">
<kw name="Open Browser" library="Browser">
<tags>
<tag>BrowserControl</tag>
<tag>Setter</tag>
</tags>
<doc>Opens a new browser instance. Use this keyword for quick experiments or debugging sessions.
Use `New Page` directly instead of `Open Browser` for production and automated execution.
See `Browser, Context and Page` for more information about Browser and related concepts.</doc>
<arguments>
<arg>http://parodify.herokuapp.com/users/sign_in</arg>
<arg>chromium</arg>
</arguments>
<msg timestamp="20210210 12:17:23.449" level="WARN">Open Browser is for quick experimentation and debugging only. Use New Page for production.</msg>
<msg timestamp="20210210 12:17:23.450" level="INFO">{"browser": "chromium", "headless": false, "handleSIGINT": true, "handleSIGTERM": true, "handleSIGHUP": true, "timeout": 30000.0, "devtools": false, "slowMo": 0.0}</msg>
<msg timestamp="20210210 12:17:25.299" level="INFO">Successfully created browser with options: {"browser":"chromium","headless":false,"handleSIGINT":true,"handleSIGTERM":true,"handleSIGHUP":true,"timeout":30000,"devtools":false,"slowMo":0}</msg>
<msg timestamp="20210210 12:17:25.301" level="INFO">{"acceptDownloads": false, "ignoreHTTPSErrors": false, "bypassCSP": false, "deviceScaleFactor": 1.0, "isMobile": false, "hasTouch": false, "javaScriptEnabled": true, "offline": false, "hideRfBrowser": false}</msg>
<msg timestamp="20210210 12:17:25.325" level="INFO">Successfully created context with options: {"acceptDownloads":false,"ignoreHTTPSErrors":false,"bypassCSP":false,"deviceScaleFactor":1,"isMobile":false,"hasTouch":false,"javaScriptEnabled":true,"offline":false,"hideRfBrowser":false}</msg>
<msg timestamp="20210210 12:17:30.615" level="INFO">Successfully initialized new page object and opened url: http://parodify.herokuapp.com/users/sign_in</msg>
<status status="PASS" starttime="20210210 12:17:23.449" endtime="20210210 12:17:30.615"></status>
</kw>
<kw name="Fill Text" library="Browser">
<tags>
<tag>PageContent</tag>
<tag>Setter</tag>
</tags>
<doc>Clears and fills the given ``text`` into the text field found by ``selector``.</doc>
<arguments>
<arg>id=user_email</arg>
<arg>papito@parodify.com</arg>
</arguments>
<msg timestamp="20210210 12:17:30.616" level="INFO">Fills the text 'papito@parodify.com' in the given field.</msg>
<status status="PASS" starttime="20210210 12:17:30.616" endtime="20210210 12:17:30.667"></status>
</kw>
<kw name="Fill Text" library="Browser">
<tags>
<tag>PageContent</tag>
<tag>Setter</tag>
</tags>
<doc>Clears and fills the given ``text`` into the text field found by ``selector``.</doc>
<arguments>
<arg>css=#user_password</arg>
<arg>abc123</arg>
</arguments>
<msg timestamp="20210210 12:17:30.668" level="INFO">Fills the text 'abc123' in the given field.</msg>
<status status="PASS" starttime="20210210 12:17:30.668" endtime="20210210 12:17:30.693"></status>
</kw>
<kw name="Click" library="Browser">
<tags>
<tag>PageContent</tag>
<tag>Setter</tag>
</tags>
<doc>Simulates mouse click on the element found by ``selector``.</doc>
<arguments>
<arg>input[type=submit]</arg>
</arguments>
<status status="PASS" starttime="20210210 12:17:30.694" endtime="20210210 12:17:32.846"></status>
</kw>
<kw name="Get Text" library="Browser">
<tags>
<tag>Assertion</tag>
<tag>Getter</tag>
<tag>PageContent</tag>
</tags>
<doc>Returns text attribute of the element found by ``selector``.
See the `Finding elements` section for details about the selectors.</doc>
<arguments>
<arg>css=.is-danger .message-body</arg>
<arg>==</arg>
<arg>Opps! Dados de acesso incorretos!</arg>
</arguments>
<status status="PASS" starttime="20210210 12:17:32.847" endtime="20210210 12:17:33.159"></status>
</kw>
<status status="PASS" starttime="20210210 12:17:23.443" endtime="20210210 12:17:33.160" critical="yes"></status>
</test>
<test id="s1-t3" name="Email não existe">
<kw name="Open Browser" library="Browser">
<tags>
<tag>BrowserControl</tag>
<tag>Setter</tag>
</tags>
<doc>Opens a new browser instance. Use this keyword for quick experiments or debugging sessions.
Use `New Page` directly instead of `Open Browser` for production and automated execution.
See `Browser, Context and Page` for more information about Browser and related concepts.</doc>
<arguments>
<arg>http://parodify.herokuapp.com/users/sign_in</arg>
<arg>chromium</arg>
</arguments>
<msg timestamp="20210210 12:17:33.259" level="WARN">Open Browser is for quick experimentation and debugging only. Use New Page for production.</msg>
<msg timestamp="20210210 12:17:33.268" level="INFO">{"browser": "chromium", "headless": false, "handleSIGINT": true, "handleSIGTERM": true, "handleSIGHUP": true, "timeout": 30000.0, "devtools": false, "slowMo": 0.0}</msg>
<msg timestamp="20210210 12:17:34.125" level="INFO">Successfully created browser with options: {"browser":"chromium","headless":false,"handleSIGINT":true,"handleSIGTERM":true,"handleSIGHUP":true,"timeout":30000,"devtools":false,"slowMo":0}</msg>
<msg timestamp="20210210 12:17:34.126" level="INFO">{"acceptDownloads": false, "ignoreHTTPSErrors": false, "bypassCSP": false, "deviceScaleFactor": 1.0, "isMobile": false, "hasTouch": false, "javaScriptEnabled": true, "offline": false, "hideRfBrowser": false}</msg>
<msg timestamp="20210210 12:17:34.150" level="INFO">Successfully created context with options: {"acceptDownloads":false,"ignoreHTTPSErrors":false,"bypassCSP":false,"deviceScaleFactor":1,"isMobile":false,"hasTouch":false,"javaScriptEnabled":true,"offline":false,"hideRfBrowser":false}</msg>
<msg timestamp="20210210 12:17:40.030" level="INFO">Successfully initialized new page object and opened url: http://parodify.herokuapp.com/users/sign_in</msg>
<status status="PASS" starttime="20210210 12:17:33.257" endtime="20210210 12:17:40.031"></status>
</kw>
<kw name="Fill Text" library="Browser">
<tags>
<tag>PageContent</tag>
<tag>Setter</tag>
</tags>
<doc>Clears and fills the given ``text`` into the text field found by ``selector``.</doc>
<arguments>
<arg>id=user_email</arg>
<arg>karina@parodify.com</arg>
</arguments>
<msg timestamp="20210210 12:17:40.032" level="INFO">Fills the text 'karina@parodify.com' in the given field.</msg>
<status status="PASS" starttime="20210210 12:17:40.032" endtime="20210210 12:17:40.091"></status>
</kw>
<kw name="Fill Text" library="Browser">
<tags>
<tag>PageContent</tag>
<tag>Setter</tag>
</tags>
<doc>Clears and fills the given ``text`` into the text field found by ``selector``.</doc>
<arguments>
<arg>css=#user_password</arg>
<arg>abc123</arg>
</arguments>
<msg timestamp="20210210 12:17:40.092" level="INFO">Fills the text 'abc123' in the given field.</msg>
<status status="PASS" starttime="20210210 12:17:40.092" endtime="20210210 12:17:40.113"></status>
</kw>
<kw name="Click" library="Browser">
<tags>
<tag>PageContent</tag>
<tag>Setter</tag>
</tags>
<doc>Simulates mouse click on the element found by ``selector``.</doc>
<arguments>
<arg>input[type=submit]</arg>
</arguments>
<status status="PASS" starttime="20210210 12:17:40.113" endtime="20210210 12:17:42.245"></status>
</kw>
<kw name="Get Text" library="Browser">
<tags>
<tag>Assertion</tag>
<tag>Getter</tag>
<tag>PageContent</tag>
</tags>
<doc>Returns text attribute of the element found by ``selector``.
See the `Finding elements` section for details about the selectors.</doc>
<arguments>
<arg>css=.is-danger .message-body</arg>
<arg>==</arg>
<arg>Opps! Dados de acesso incorretos!</arg>
</arguments>
<status status="PASS" starttime="20210210 12:17:42.245" endtime="20210210 12:17:42.548"></status>
</kw>
<status status="PASS" starttime="20210210 12:17:33.245" endtime="20210210 12:17:42.549" critical="yes"></status>
</test>
<test id="s1-t4" name="Email não informado">
<kw name="Open Browser" library="Browser">
<tags>
<tag>BrowserControl</tag>
<tag>Setter</tag>
</tags>
<doc>Opens a new browser instance. Use this keyword for quick experiments or debugging sessions.
Use `New Page` directly instead of `Open Browser` for production and automated execution.
See `Browser, Context and Page` for more information about Browser and related concepts.</doc>
<arguments>
<arg>http://parodify.herokuapp.com/users/sign_in</arg>
<arg>chromium</arg>
</arguments>
<msg timestamp="20210210 12:17:42.665" level="WARN">Open Browser is for quick experimentation and debugging only. Use New Page for production.</msg>
<msg timestamp="20210210 12:17:42.666" level="INFO">{"browser": "chromium", "headless": false, "handleSIGINT": true, "handleSIGTERM": true, "handleSIGHUP": true, "timeout": 30000.0, "devtools": false, "slowMo": 0.0}</msg>
<msg timestamp="20210210 12:17:43.445" level="INFO">Successfully created browser with options: {"browser":"chromium","headless":false,"handleSIGINT":true,"handleSIGTERM":true,"handleSIGHUP":true,"timeout":30000,"devtools":false,"slowMo":0}</msg>
<msg timestamp="20210210 12:17:43.447" level="INFO">{"acceptDownloads": false, "ignoreHTTPSErrors": false, "bypassCSP": false, "deviceScaleFactor": 1.0, "isMobile": false, "hasTouch": false, "javaScriptEnabled": true, "offline": false, "hideRfBrowser": false}</msg>
<msg timestamp="20210210 12:17:43.467" level="INFO">Successfully created context with options: {"acceptDownloads":false,"ignoreHTTPSErrors":false,"bypassCSP":false,"deviceScaleFactor":1,"isMobile":false,"hasTouch":false,"javaScriptEnabled":true,"offline":false,"hideRfBrowser":false}</msg>
<msg timestamp="20210210 12:17:48.364" level="INFO">Successfully initialized new page object and opened url: http://parodify.herokuapp.com/users/sign_in</msg>
<status status="PASS" starttime="20210210 12:17:42.664" endtime="20210210 12:17:48.365"></status>
</kw>
<kw name="Fill Text" library="Browser">
<tags>
<tag>PageContent</tag>
<tag>Setter</tag>
</tags>
<doc>Clears and fills the given ``text`` into the text field found by ``selector``.</doc>
<arguments>
<arg>id=user_email</arg>
<arg>${EMPTY}</arg>
</arguments>
<msg timestamp="20210210 12:17:48.366" level="INFO">Fills the text '' in the given field.</msg>
<status status="PASS" starttime="20210210 12:17:48.365" endtime="20210210 12:17:48.400"></status>
</kw>
<kw name="Fill Text" library="Browser">
<tags>
<tag>PageContent</tag>
<tag>Setter</tag>
</tags>
<doc>Clears and fills the given ``text`` into the text field found by ``selector``.</doc>
<arguments>
<arg>css=#user_password</arg>
<arg>abc123</arg>
</arguments>
<msg timestamp="20210210 12:17:48.400" level="INFO">Fills the text 'abc123' in the given field.</msg>
<status status="PASS" starttime="20210210 12:17:48.400" endtime="20210210 12:17:48.434"></status>
</kw>
<kw name="Click" library="Browser">
<tags>
<tag>PageContent</tag>
<tag>Setter</tag>
</tags>
<doc>Simulates mouse click on the element found by ``selector``.</doc>
<arguments>
<arg>input[type=submit]</arg>
</arguments>
<status status="PASS" starttime="20210210 12:17:48.435" endtime="20210210 12:17:49.673"></status>
</kw>
<kw name="Get Text" library="Browser">
<tags>
<tag>Assertion</tag>
<tag>Getter</tag>
<tag>PageContent</tag>
</tags>
<doc>Returns text attribute of the element found by ``selector``.
See the `Finding elements` section for details about the selectors.</doc>
<arguments>
<arg>css=.is-danger .message-body</arg>
<arg>==</arg>
<arg>Opps! Dados de acesso incorretos!</arg>
</arguments>
<status status="PASS" starttime="20210210 12:17:49.674" endtime="20210210 12:17:50.008"></status>
</kw>
<status status="PASS" starttime="20210210 12:17:42.660" endtime="20210210 12:17:50.009" critical="yes"></status>
</test>
<test id="s1-t5" name="Senha não informada">
<kw name="Open Browser" library="Browser">
<tags>
<tag>BrowserControl</tag>
<tag>Setter</tag>
</tags>
<doc>Opens a new browser instance. Use this keyword for quick experiments or debugging sessions.
Use `New Page` directly instead of `Open Browser` for production and automated execution.
See `Browser, Context and Page` for more information about Browser and related concepts.</doc>
<arguments>
<arg>http://parodify.herokuapp.com/users/sign_in</arg>
<arg>chromium</arg>
</arguments>
<msg timestamp="20210210 12:17:50.095" level="WARN">Open Browser is for quick experimentation and debugging only. Use New Page for production.</msg>
<msg timestamp="20210210 12:17:50.097" level="INFO">{"browser": "chromium", "headless": false, "handleSIGINT": true, "handleSIGTERM": true, "handleSIGHUP": true, "timeout": 30000.0, "devtools": false, "slowMo": 0.0}</msg>
<msg timestamp="20210210 12:17:51.962" level="INFO">Successfully created browser with options: {"browser":"chromium","headless":false,"handleSIGINT":true,"handleSIGTERM":true,"handleSIGHUP":true,"timeout":30000,"devtools":false,"slowMo":0}</msg>
<msg timestamp="20210210 12:17:51.964" level="INFO">{"acceptDownloads": false, "ignoreHTTPSErrors": false, "bypassCSP": false, "deviceScaleFactor": 1.0, "isMobile": false, "hasTouch": false, "javaScriptEnabled": true, "offline": false, "hideRfBrowser": false}</msg>
<msg timestamp="20210210 12:17:51.979" level="INFO">Successfully created context with options: {"acceptDownloads":false,"ignoreHTTPSErrors":false,"bypassCSP":false,"deviceScaleFactor":1,"isMobile":false,"hasTouch":false,"javaScriptEnabled":true,"offline":false,"hideRfBrowser":false}</msg>
<msg timestamp="20210210 12:17:56.041" level="INFO">Successfully initialized new page object and opened url: http://parodify.herokuapp.com/users/sign_in</msg>
<status status="PASS" starttime="20210210 12:17:50.094" endtime="20210210 12:17:56.041"></status>
</kw>
<kw name="Fill Text" library="Browser">
<tags>
<tag>PageContent</tag>
<tag>Setter</tag>
</tags>
<doc>Clears and fills the given ``text`` into the text field found by ``selector``.</doc>
<arguments>
<arg>id=user_email</arg>
<arg>papito@parodify.com</arg>
</arguments>
<msg timestamp="20210210 12:17:56.043" level="INFO">Fills the text 'papito@parodify.com' in the given field.</msg>
<status status="PASS" starttime="20210210 12:17:56.042" endtime="20210210 12:17:56.097"></status>
</kw>
<kw name="Fill Text" library="Browser">
<tags>
<tag>PageContent</tag>
<tag>Setter</tag>
</tags>
<doc>Clears and fills the given ``text`` into the text field found by ``selector``.</doc>
<arguments>
<arg>css=#user_password</arg>
<arg>${EMPTY}</arg>
</arguments>
<msg timestamp="20210210 12:17:56.098" level="INFO">Fills the text '' in the given field.</msg>
<status status="PASS" starttime="20210210 12:17:56.098" endtime="20210210 12:17:56.125"></status>
</kw>
<kw name="Click" library="Browser">
<tags>
<tag>PageContent</tag>
<tag>Setter</tag>
</tags>
<doc>Simulates mouse click on the element found by ``selector``.</doc>
<arguments>
<arg>input[type=submit]</arg>
</arguments>
<status status="PASS" starttime="20210210 12:17:56.126" endtime="20210210 12:17:57.069"></status>
</kw>
<kw name="Get Text" library="Browser">
<tags>
<tag>Assertion</tag>
<tag>Getter</tag>
<tag>PageContent</tag>
</tags>
<doc>Returns text attribute of the element found by ``selector``.
See the `Finding elements` section for details about the selectors.</doc>
<arguments>
<arg>css=.is-danger .message-body</arg>
<arg>==</arg>
<arg>Opps! Dados de acesso incorretos!</arg>
</arguments>
<status status="PASS" starttime="20210210 12:17:57.070" endtime="20210210 12:17:57.330"></status>
</kw>
<status status="PASS" starttime="20210210 12:17:50.084" endtime="20210210 12:17:57.330" critical="yes"></status>
</test>
<doc>Testes da página login</doc>
<status status="PASS" starttime="20210210 12:17:11.314" endtime="20210210 12:17:57.415"></status>
</suite>
<statistics>
<total>
<stat pass="5" fail="0">Critical Tests</stat>
<stat pass="5" fail="0">All Tests</stat>
</total>
<tag>
</tag>
<suite>
<stat pass="5" fail="0" id="s1" name="Login">Login</stat>
</suite>
</statistics>
<errors>
<msg timestamp="20210210 12:17:12.332" level="WARN">Open Browser is for quick experimentation and debugging only. Use New Page for production.</msg>
<msg timestamp="20210210 12:17:23.449" level="WARN">Open Browser is for quick experimentation and debugging only. Use New Page for production.</msg>
<msg timestamp="20210210 12:17:33.259" level="WARN">Open Browser is for quick experimentation and debugging only. Use New Page for production.</msg>
<msg timestamp="20210210 12:17:42.665" level="WARN">Open Browser is for quick experimentation and debugging only. Use New Page for production.</msg>
<msg timestamp="20210210 12:17:50.095" level="WARN">Open Browser is for quick experimentation and debugging only. Use New Page for production.</msg>
</errors>
</robot>
